2021-03-17 21:21:43,570 - root - INFO - Starting DCABot
2021-03-17 21:21:43,572 - requests.packages.urllib3.connectionpool - DEBUG - Starting new HTTPS connection (1): api.pro.coinbase.com
2021-03-17 21:21:43,659 - requests.packages.urllib3.connectionpool - DEBUG - https://api.pro.coinbase.com:443 "GET /accounts/ HTTP/1.1" 200 None
2021-03-17 21:21:43,660 - root - INFO - Avalable balance to trade: $45.01
2021-03-17 21:21:43,660 - root - ERROR - Insufficient funds! (balance: $45.01, threshold balance: $5000.00)
2021-03-17 21:21:43,661 - root - DEBUG - Attempting to conect to server...
2021-03-17 21:21:47,034 - notifications.send_email - ERROR - There was an error sending email notification.
2021-03-17 21:21:47,034 - notifications.send_email - ERROR - (535, b'Authentication Credentials Invalid')
2021-03-17 21:21:47,034 - root - DEBUG - Closing connection to server.
2021-03-17 21:30:18,955 - root - INFO - Starting DCABot
2021-03-17 21:30:18,957 - requests.packages.urllib3.connectionpool - DEBUG - Starting new HTTPS connection (1): api.pro.coinbase.com
2021-03-17 21:30:19,049 - requests.packages.urllib3.connectionpool - DEBUG - https://api.pro.coinbase.com:443 "GET /accounts/ HTTP/1.1" 200 None
2021-03-17 21:30:19,050 - root - INFO - Avalable balance to trade: $45.01
2021-03-17 21:30:19,050 - root - ERROR - Insufficient funds! (balance: $45.01, threshold balance: $5000.00)
2021-03-17 21:30:19,050 - root - DEBUG - Attempting to conect to server...
2021-03-17 21:30:24,712 - notifications.send_email - ERROR - There was an error sending email notification.
2021-03-17 21:30:24,712 - notifications.send_email - ERROR - (535, b'Authentication Credentials Invalid')
2021-03-17 21:30:24,712 - root - DEBUG - Closing connection to server.
2021-03-17 21:32:59,978 - root - INFO - Starting DCABot
2021-03-17 21:32:59,980 - requests.packages.urllib3.connectionpool - DEBUG - Starting new HTTPS connection (1): api.pro.coinbase.com
2021-03-17 21:33:00,079 - requests.packages.urllib3.connectionpool - DEBUG - https://api.pro.coinbase.com:443 "GET /accounts/ HTTP/1.1" 200 None
2021-03-17 21:33:00,081 - root - INFO - Avalable balance to trade: $45.01
2021-03-17 21:33:00,081 - root - ERROR - Insufficient funds! (balance: $45.01, threshold balance: $5000.00)
2021-03-17 21:33:00,081 - root - DEBUG - Attempting to conect to server...
2021-03-17 21:33:03,189 - notifications.send_email - DEBUG - Logged in. Sending message...
2021-03-17 21:33:03,532 - notifications.send_email - DEBUG - Message sent.
2021-03-17 21:33:03,532 - root - DEBUG - Closing connection to server.
